SensAir Android App/app/build/intermediates/manifest_merge_blame_file/debug/manifest-merger-blame-debug-report.txt
1<?xml version="1.0" encoding="utf-8"?>
2<manifest xmlns:android="http://schemas.android.com/apk/res/android"
3    package="com.example.sensair"
4    android:versionCode="1"
5    android:versionName="1.0" >
6
7    <uses-sdk
8        android:minSdkVersion="22"
8-->src/main/AndroidManifest.xml
9        android:targetSdkVersion="30" />
9-->src/main/AndroidManifest.xml
10
11    <uses-permission android:name="android.permission.BLUETOOTH" />
11-->src/main/AndroidManifest.xml:5:5-68
11-->src/main/AndroidManifest.xml:5:22-65
12    <uses-permission android:name="android.permission.BLUETOOTH_ADMIN" />
12-->src/main/AndroidManifest.xml:6:5-74
12-->src/main/AndroidManifest.xml:6:22-71
13    <uses-permission android:name="android.permission.ACCESS_FINE_LOCATION" />
13-->src/main/AndroidManifest.xml:7:5-79
13-->src/main/AndroidManifest.xml:7:22-76
14
15    <application
15-->src/main/AndroidManifest.xml:9:5-55:19
16        android:allowBackup="true"
16-->src/main/AndroidManifest.xml:10:9-35
17        android:appComponentFactory="androidx.core.app.CoreComponentFactory"
17-->[androidx.core:core:1.3.1] AndroidManifest.xml:24:18-86
18        android:debuggable="true"
19        android:icon="@mipmap/ic_launcher"
19-->src/main/AndroidManifest.xml:11:9-43
20        android:label="@string/app_name"
20-->src/main/AndroidManifest.xml:12:9-41
21        android:roundIcon="@mipmap/ic_launcher_round"
21-->src/main/AndroidManifest.xml:13:9-54
22        android:supportsRtl="true"
22-->src/main/AndroidManifest.xml:14:9-35
23        android:testOnly="true"
24        android:theme="@style/AppTheme" >
24-->src/main/AndroidManifest.xml:15:9-40
25        <activity
25-->src/main/AndroidManifest.xml:16:9-20:67
26            android:name="com.example.sensair.HistoryActivityListActivity"
26-->src/main/AndroidManifest.xml:17:13-56
27            android:label="@string/title_historyactivity_list"
27-->src/main/AndroidManifest.xml:18:13-63
28            android:parentActivityName="com.example.sensair.MainActivity"
28-->src/main/AndroidManifest.xml:20:13-55
29            android:theme="@style/AppTheme.NoActionBar" />
29-->src/main/AndroidManifest.xml:19:13-56
30        <activity
30-->src/main/AndroidManifest.xml:21:9-29:20
31            android:name="com.example.sensair.HistoryActivityDetailActivity"
31-->src/main/AndroidManifest.xml:22:13-58
32            android:label="@string/title_historyactivity_detail"
32-->src/main/AndroidManifest.xml:23:13-65
33            android:parentActivityName="com.example.sensair.HistoryActivityListActivity"
33-->src/main/AndroidManifest.xml:24:13-70
34            android:theme="@style/AppTheme.NoActionBar" >
34-->src/main/AndroidManifest.xml:25:13-56
35            <meta-data
35-->src/main/AndroidManifest.xml:26:13-28:83
36                android:name="android.support.PARENT_ACTIVITY"
36-->src/main/AndroidManifest.xml:27:17-63
37                android:value="com.example.sensair.HistoryActivityListActivity" />
37-->src/main/AndroidManifest.xml:28:17-80
38        </activity>
39        <activity
39-->src/main/AndroidManifest.xml:30:9-37:20
40            android:name="com.example.sensair.RealTimeActivity"
40-->src/main/AndroidManifest.xml:31:13-45
41            android:label="@string/title_activity_real_time"
41-->src/main/AndroidManifest.xml:32:13-61
42            android:parentActivityName="com.example.sensair.MainActivity" >
42-->src/main/AndroidManifest.xml:33:13-55
43            <meta-data
43-->src/main/AndroidManifest.xml:26:13-28:83
44                android:name="android.support.PARENT_ACTIVITY"
44-->src/main/AndroidManifest.xml:27:17-63
45                android:value="com.example.sensair.HistoryActivityListActivity" />
45-->src/main/AndroidManifest.xml:28:17-80
46        </activity>
47        <activity
47-->src/main/AndroidManifest.xml:38:9-45:20
48            android:name="com.example.sensair.ProfileActivity"
48-->src/main/AndroidManifest.xml:39:13-44
49            android:label="@string/title_activity_profile"
49-->src/main/AndroidManifest.xml:40:13-59
50            android:parentActivityName="com.example.sensair.MainActivity" >
50-->src/main/AndroidManifest.xml:41:13-55
51            <meta-data
51-->src/main/AndroidManifest.xml:26:13-28:83
52                android:name="android.support.PARENT_ACTIVITY"
52-->src/main/AndroidManifest.xml:27:17-63
53                android:value="com.example.sensair.HistoryActivityListActivity" />
53-->src/main/AndroidManifest.xml:28:17-80
54        </activity>
55        <activity
55-->src/main/AndroidManifest.xml:46:9-47:57
56            android:name="com.example.sensair.InfoActivity"
56-->src/main/AndroidManifest.xml:46:19-47
57            android:parentActivityName="com.example.sensair.MainActivity" />
57-->src/main/AndroidManifest.xml:47:13-55
58        <activity android:name="com.example.sensair.MainActivity" >
58-->src/main/AndroidManifest.xml:48:9-54:20
58-->src/main/AndroidManifest.xml:48:19-47
59            <intent-filter>
59-->src/main/AndroidManifest.xml:49:13-53:29
60                <action android:name="android.intent.action.MAIN" />
60-->src/main/AndroidManifest.xml:50:17-69
60-->src/main/AndroidManifest.xml:50:25-66
61
62                <category android:name="android.intent.category.LAUNCHER" />
62-->src/main/AndroidManifest.xml:52:17-77
62-->src/main/AndroidManifest.xml:52:27-74
63            </intent-filter>
64        </activity>
65    </application>
66
67</manifest>